<?xml version="1.0" encoding="UTF-8"?>
<testsuite xmlns:xsi="http://www.w3.org/2001/XMLSchema-instance" xsi:noNamespaceSchemaLocation="https://maven.apache.org/surefire/maven-surefire-plugin/xsd/surefire-test-report-3.0.xsd" version="3.0" name="me.nthatipamula.jslt.MainTest" time="0.823" tests="1" errors="0" skipped="0" failures="0">
  <properties>
    <property name="java.specification.version" value="18"/>
    <property name="sun.jnu.encoding" value="UTF-8"/>
    <property name="java.class.path" value="/Users/nthatipamula/exp/java/jstl-challenge-api/target/test-classes:/Users/nthatipamula/exp/java/jstl-challenge-api/target/classes:/Users/nthatipamula/.m2/repository/io/helidon/webserver/helidon-webserver/2.5.0/helidon-webserver-2.5.0.jar:/Users/nthatipamula/.m2/repository/io/helidon/common/helidon-common-reactive/2.5.0/helidon-common-reactive-2.5.0.jar:/Users/nthatipamula/.m2/repository/io/helidon/common/helidon-common-mapper/2.5.0/helidon-common-mapper-2.5.0.jar:/Users/nthatipamula/.m2/repository/io/helidon/common/helidon-common/2.5.0/helidon-common-2.5.0.jar:/Users/nthatipamula/.m2/repository/io/helidon/common/helidon-common-http/2.5.0/helidon-common-http-2.5.0.jar:/Users/nthatipamula/.m2/repository/io/helidon/media/helidon-media-common/2.5.0/helidon-media-common-2.5.0.jar:/Users/nthatipamula/.m2/repository/io/helidon/config/helidon-config/2.5.0/helidon-config-2.5.0.jar:/Users/nthatipamula/.m2/repository/io/helidon/common/helidon-common-media-type/2.5.0/helidon-common-media-type-2.5.0.jar:/Users/nthatipamula/.m2/repository/io/helidon/common/helidon-common-key-util/2.5.0/helidon-common-key-util-2.5.0.jar:/Users/nthatipamula/.m2/repository/io/helidon/logging/helidon-logging-common/2.5.0/helidon-logging-common-2.5.0.jar:/Users/nthatipamula/.m2/repository/io/opentracing/opentracing-util/0.33.0/opentracing-util-0.33.0.jar:/Users/nthatipamula/.m2/repository/io/opentracing/opentracing-api/0.33.0/opentracing-api-0.33.0.jar:/Users/nthatipamula/.m2/repository/io/opentracing/opentracing-noop/0.33.0/opentracing-noop-0.33.0.jar:/Users/nthatipamula/.m2/repository/io/helidon/tracing/helidon-tracing-config/2.5.0/helidon-tracing-config-2.5.0.jar:/Users/nthatipamula/.m2/repository/io/netty/netty-codec-http/4.1.73.Final/netty-codec-http-4.1.73.Final.jar:/Users/nthatipamula/.m2/repository/io/netty/netty-common/4.1.73.Final/netty-common-4.1.73.Final.jar:/Users/nthatipamula/.m2/repository/io/netty/netty-transport/4.1.73.Final/netty-transport-4.1.73.Final.jar:/Users/nthatipamula/.m2/repository/io/netty/netty-codec/4.1.73.Final/netty-codec-4.1.73.Final.jar:/Users/nthatipamula/.m2/repository/io/netty/netty-codec-http2/4.1.73.Final/netty-codec-http2-4.1.73.Final.jar:/Users/nthatipamula/.m2/repository/io/netty/netty-handler/4.1.73.Final/netty-handler-4.1.73.Final.jar:/Users/nthatipamula/.m2/repository/io/netty/netty-resolver/4.1.73.Final/netty-resolver-4.1.73.Final.jar:/Users/nthatipamula/.m2/repository/io/netty/netty-tcnative-classes/2.0.46.Final/netty-tcnative-classes-2.0.46.Final.jar:/Users/nthatipamula/.m2/repository/io/helidon/media/helidon-media-jsonp/2.5.0/helidon-media-jsonp-2.5.0.jar:/Users/nthatipamula/.m2/repository/org/glassfish/jakarta.json/1.1.6/jakarta.json-1.1.6.jar:/Users/nthatipamula/.m2/repository/io/helidon/config/helidon-config-yaml/2.5.0/helidon-config-yaml-2.5.0.jar:/Users/nthatipamula/.m2/repository/org/yaml/snakeyaml/1.30/snakeyaml-1.30.jar:/Users/nthatipamula/.m2/repository/jakarta/annotation/jakarta.annotation-api/1.3.5/jakarta.annotation-api-1.3.5.jar:/Users/nthatipamula/.m2/repository/io/helidon/health/helidon-health/2.5.0/helidon-health-2.5.0.jar:/Users/nthatipamula/.m2/repository/io/helidon/fault-tolerance/helidon-fault-tolerance/2.5.0/helidon-fault-tolerance-2.5.0.jar:/Users/nthatipamula/.m2/repository/org/eclipse/microprofile/health/microprofile-health-api/2.2/microprofile-health-api-2.2.jar:/Users/nthatipamula/.m2/repository/io/helidon/webserver/helidon-webserver-cors/2.5.0/helidon-webserver-cors-2.5.0.jar:/Users/nthatipamula/.m2/repository/io/helidon/health/helidon-health-checks/2.5.0/helidon-health-checks-2.5.0.jar:/Users/nthatipamula/.m2/repository/io/helidon/health/helidon-health-common/2.5.0/helidon-health-common-2.5.0.jar:/Users/nthatipamula/.m2/repository/io/helidon/metrics/helidon-metrics/2.5.0/helidon-metrics-2.5.0.jar:/Users/nthatipamula/.m2/repository/io/helidon/config/helidon-config-mp/2.5.0/helidon-config-mp-2.5.0.jar:/Users/nthatipamula/.m2/repository/org/eclipse/microprofile/config/microprofile-config-api/1.4/microprofile-config-api-1.4.jar:/Users/nthatipamula/.m2/repository/io/helidon/config/helidon-config-yaml-mp/2.5.0/helidon-config-yaml-mp-2.5.0.jar:/Users/nthatipamula/.m2/repository/io/helidon/common/helidon-common-service-loader/2.5.0/helidon-common-service-loader-2.5.0.jar:/Users/nthatipamula/.m2/repository/io/helidon/common/helidon-common-configurable/2.5.0/helidon-common-configurable-2.5.0.jar:/Users/nthatipamula/.m2/repository/io/helidon/metrics/helidon-metrics-api/2.5.0/helidon-metrics-api-2.5.0.jar:/Users/nthatipamula/.m2/repository/io/helidon/config/helidon-config-metadata/2.5.0/helidon-config-metadata-2.5.0.jar:/Users/nthatipamula/.m2/repository/io/helidon/metrics/helidon-metrics-service-api/2.5.0/helidon-metrics-service-api-2.5.0.jar:/Users/nthatipamula/.m2/repository/org/eclipse/microprofile/metrics/microprofile-metrics-api/2.3.2/microprofile-metrics-api-2.3.2.jar:/Users/nthatipamula/.m2/repository/io/helidon/service-common/helidon-service-common-rest/2.5.0/helidon-service-common-rest-2.5.0.jar:/Users/nthatipamula/.m2/repository/org/junit/jupiter/junit-jupiter-api/5.7.0/junit-jupiter-api-5.7.0.jar:/Users/nthatipamula/.m2/repository/org/apiguardian/apiguardian-api/1.1.0/apiguardian-api-1.1.0.jar:/Users/nthatipamula/.m2/repository/org/opentest4j/opentest4j/1.2.0/opentest4j-1.2.0.jar:/Users/nthatipamula/.m2/repository/org/junit/platform/junit-platform-commons/1.7.0/junit-platform-commons-1.7.0.jar:/Users/nthatipamula/.m2/repository/io/helidon/webclient/helidon-webclient/2.5.0/helidon-webclient-2.5.0.jar:/Users/nthatipamula/.m2/repository/io/helidon/common/helidon-common-context/2.5.0/helidon-common-context-2.5.0.jar:/Users/nthatipamula/.m2/repository/io/netty/netty-buffer/4.1.73.Final/netty-buffer-4.1.73.Final.jar:/Users/nthatipamula/.m2/repository/io/netty/netty-handler-proxy/4.1.73.Final/netty-handler-proxy-4.1.73.Final.jar:/Users/nthatipamula/.m2/repository/io/netty/netty-codec-socks/4.1.73.Final/netty-codec-socks-4.1.73.Final.jar:/Users/nthatipamula/.m2/repository/com/schibsted/spt/data/jslt/0.1.11/jslt-0.1.11.jar:/Users/nthatipamula/.m2/repository/com/fasterxml/jackson/core/jackson-databind/2.13.2.1/jackson-databind-2.13.2.1.jar:/Users/nthatipamula/.m2/repository/com/fasterxml/jackson/core/jackson-annotations/2.13.2/jackson-annotations-2.13.2.jar:/Users/nthatipamula/.m2/repository/com/fasterxml/jackson/core/jackson-core/2.13.2/jackson-core-2.13.2.jar:/Users/nthatipamula/.m2/repository/org/apache/commons/commons-lang3/3.8.1/commons-lang3-3.8.1.jar:"/>
    <property name="java.vm.vendor" value="Homebrew"/>
    <property name="sun.arch.data.model" value="64"/>
    <property name="java.vendor.url" value="https://github.com/Homebrew/homebrew-core/issues"/>
    <property name="user.timezone" value="America/New_York"/>
    <property name="os.name" value="Mac OS X"/>
    <property name="java.vm.specification.version" value="18"/>
    <property name="sun.java.launcher" value="SUN_STANDARD"/>
    <property name="user.country" value="US"/>
    <property name="sun.boot.library.path" value="/usr/local/Cellar/openjdk/18.0.1/libexec/openjdk.jdk/Contents/Home/lib"/>
    <property name="sun.java.command" value="/Users/nthatipamula/exp/java/jstl-challenge-api/target/surefire/surefirebooter9993967665107214524.jar /Users/nthatipamula/exp/java/jstl-challenge-api/target/surefire 2022-04-25T00-36-44_206-jvmRun1 surefire9481955145192598334tmp surefire_02914864017163367067tmp"/>
    <property name="http.nonProxyHosts" value="local|*.local|169.254/16|*.169.254/16"/>
    <property name="jdk.debug" value="release"/>
    <property name="surefire.test.class.path" value="/Users/nthatipamula/exp/java/jstl-challenge-api/target/test-classes:/Users/nthatipamula/exp/java/jstl-challenge-api/target/classes:/Users/nthatipamula/.m2/repository/io/helidon/webserver/helidon-webserver/2.5.0/helidon-webserver-2.5.0.jar:/Users/nthatipamula/.m2/repository/io/helidon/common/helidon-common-reactive/2.5.0/helidon-common-reactive-2.5.0.jar:/Users/nthatipamula/.m2/repository/io/helidon/common/helidon-common-mapper/2.5.0/helidon-common-mapper-2.5.0.jar:/Users/nthatipamula/.m2/repository/io/helidon/common/helidon-common/2.5.0/helidon-common-2.5.0.jar:/Users/nthatipamula/.m2/repository/io/helidon/common/helidon-common-http/2.5.0/helidon-common-http-2.5.0.jar:/Users/nthatipamula/.m2/repository/io/helidon/media/helidon-media-common/2.5.0/helidon-media-common-2.5.0.jar:/Users/nthatipamula/.m2/repository/io/helidon/config/helidon-config/2.5.0/helidon-config-2.5.0.jar:/Users/nthatipamula/.m2/repository/io/helidon/common/helidon-common-media-type/2.5.0/helidon-common-media-type-2.5.0.jar:/Users/nthatipamula/.m2/repository/io/helidon/common/helidon-common-key-util/2.5.0/helidon-common-key-util-2.5.0.jar:/Users/nthatipamula/.m2/repository/io/helidon/logging/helidon-logging-common/2.5.0/helidon-logging-common-2.5.0.jar:/Users/nthatipamula/.m2/repository/io/opentracing/opentracing-util/0.33.0/opentracing-util-0.33.0.jar:/Users/nthatipamula/.m2/repository/io/opentracing/opentracing-api/0.33.0/opentracing-api-0.33.0.jar:/Users/nthatipamula/.m2/repository/io/opentracing/opentracing-noop/0.33.0/opentracing-noop-0.33.0.jar:/Users/nthatipamula/.m2/repository/io/helidon/tracing/helidon-tracing-config/2.5.0/helidon-tracing-config-2.5.0.jar:/Users/nthatipamula/.m2/repository/io/netty/netty-codec-http/4.1.73.Final/netty-codec-http-4.1.73.Final.jar:/Users/nthatipamula/.m2/repository/io/netty/netty-common/4.1.73.Final/netty-common-4.1.73.Final.jar:/Users/nthatipamula/.m2/repository/io/netty/netty-transport/4.1.73.Final/netty-transport-4.1.73.Final.jar:/Users/nthatipamula/.m2/repository/io/netty/netty-codec/4.1.73.Final/netty-codec-4.1.73.Final.jar:/Users/nthatipamula/.m2/repository/io/netty/netty-codec-http2/4.1.73.Final/netty-codec-http2-4.1.73.Final.jar:/Users/nthatipamula/.m2/repository/io/netty/netty-handler/4.1.73.Final/netty-handler-4.1.73.Final.jar:/Users/nthatipamula/.m2/repository/io/netty/netty-resolver/4.1.73.Final/netty-resolver-4.1.73.Final.jar:/Users/nthatipamula/.m2/repository/io/netty/netty-tcnative-classes/2.0.46.Final/netty-tcnative-classes-2.0.46.Final.jar:/Users/nthatipamula/.m2/repository/io/helidon/media/helidon-media-jsonp/2.5.0/helidon-media-jsonp-2.5.0.jar:/Users/nthatipamula/.m2/repository/org/glassfish/jakarta.json/1.1.6/jakarta.json-1.1.6.jar:/Users/nthatipamula/.m2/repository/io/helidon/config/helidon-config-yaml/2.5.0/helidon-config-yaml-2.5.0.jar:/Users/nthatipamula/.m2/repository/org/yaml/snakeyaml/1.30/snakeyaml-1.30.jar:/Users/nthatipamula/.m2/repository/jakarta/annotation/jakarta.annotation-api/1.3.5/jakarta.annotation-api-1.3.5.jar:/Users/nthatipamula/.m2/repository/io/helidon/health/helidon-health/2.5.0/helidon-health-2.5.0.jar:/Users/nthatipamula/.m2/repository/io/helidon/fault-tolerance/helidon-fault-tolerance/2.5.0/helidon-fault-tolerance-2.5.0.jar:/Users/nthatipamula/.m2/repository/org/eclipse/microprofile/health/microprofile-health-api/2.2/microprofile-health-api-2.2.jar:/Users/nthatipamula/.m2/repository/io/helidon/webserver/helidon-webserver-cors/2.5.0/helidon-webserver-cors-2.5.0.jar:/Users/nthatipamula/.m2/repository/io/helidon/health/helidon-health-checks/2.5.0/helidon-health-checks-2.5.0.jar:/Users/nthatipamula/.m2/repository/io/helidon/health/helidon-health-common/2.5.0/helidon-health-common-2.5.0.jar:/Users/nthatipamula/.m2/repository/io/helidon/metrics/helidon-metrics/2.5.0/helidon-metrics-2.5.0.jar:/Users/nthatipamula/.m2/repository/io/helidon/config/helidon-config-mp/2.5.0/helidon-config-mp-2.5.0.jar:/Users/nthatipamula/.m2/repository/org/eclipse/microprofile/config/microprofile-config-api/1.4/microprofile-config-api-1.4.jar:/Users/nthatipamula/.m2/repository/io/helidon/config/helidon-config-yaml-mp/2.5.0/helidon-config-yaml-mp-2.5.0.jar:/Users/nthatipamula/.m2/repository/io/helidon/common/helidon-common-service-loader/2.5.0/helidon-common-service-loader-2.5.0.jar:/Users/nthatipamula/.m2/repository/io/helidon/common/helidon-common-configurable/2.5.0/helidon-common-configurable-2.5.0.jar:/Users/nthatipamula/.m2/repository/io/helidon/metrics/helidon-metrics-api/2.5.0/helidon-metrics-api-2.5.0.jar:/Users/nthatipamula/.m2/repository/io/helidon/config/helidon-config-metadata/2.5.0/helidon-config-metadata-2.5.0.jar:/Users/nthatipamula/.m2/repository/io/helidon/metrics/helidon-metrics-service-api/2.5.0/helidon-metrics-service-api-2.5.0.jar:/Users/nthatipamula/.m2/repository/org/eclipse/microprofile/metrics/microprofile-metrics-api/2.3.2/microprofile-metrics-api-2.3.2.jar:/Users/nthatipamula/.m2/repository/io/helidon/service-common/helidon-service-common-rest/2.5.0/helidon-service-common-rest-2.5.0.jar:/Users/nthatipamula/.m2/repository/org/junit/jupiter/junit-jupiter-api/5.7.0/junit-jupiter-api-5.7.0.jar:/Users/nthatipamula/.m2/repository/org/apiguardian/apiguardian-api/1.1.0/apiguardian-api-1.1.0.jar:/Users/nthatipamula/.m2/repository/org/opentest4j/opentest4j/1.2.0/opentest4j-1.2.0.jar:/Users/nthatipamula/.m2/repository/org/junit/platform/junit-platform-commons/1.7.0/junit-platform-commons-1.7.0.jar:/Users/nthatipamula/.m2/repository/io/helidon/webclient/helidon-webclient/2.5.0/helidon-webclient-2.5.0.jar:/Users/nthatipamula/.m2/repository/io/helidon/common/helidon-common-context/2.5.0/helidon-common-context-2.5.0.jar:/Users/nthatipamula/.m2/repository/io/netty/netty-buffer/4.1.73.Final/netty-buffer-4.1.73.Final.jar:/Users/nthatipamula/.m2/repository/io/netty/netty-handler-proxy/4.1.73.Final/netty-handler-proxy-4.1.73.Final.jar:/Users/nthatipamula/.m2/repository/io/netty/netty-codec-socks/4.1.73.Final/netty-codec-socks-4.1.73.Final.jar:/Users/nthatipamula/.m2/repository/com/schibsted/spt/data/jslt/0.1.11/jslt-0.1.11.jar:/Users/nthatipamula/.m2/repository/com/fasterxml/jackson/core/jackson-databind/2.13.2.1/jackson-databind-2.13.2.1.jar:/Users/nthatipamula/.m2/repository/com/fasterxml/jackson/core/jackson-annotations/2.13.2/jackson-annotations-2.13.2.jar:/Users/nthatipamula/.m2/repository/com/fasterxml/jackson/core/jackson-core/2.13.2/jackson-core-2.13.2.jar:/Users/nthatipamula/.m2/repository/org/apache/commons/commons-lang3/3.8.1/commons-lang3-3.8.1.jar:"/>
    <property name="sun.cpu.endian" value="little"/>
    <property name="user.home" value="/Users/nthatipamula"/>
    <property name="user.language" value="en"/>
    <property name="java.specification.vendor" value="Oracle Corporation"/>
    <property name="io.netty.allocator.maxOrder" value="6"/>
    <property name="java.version.date" value="2022-04-19"/>
    <property name="java.home" value="/usr/local/Cellar/openjdk/18.0.1/libexec/openjdk.jdk/Contents/Home"/>
    <property name="file.separator" value="/"/>
    <property name="basedir" value="/Users/nthatipamula/exp/java/jstl-challenge-api"/>
    <property name="java.vm.compressedOopsMode" value="Zero based"/>
    <property name="line.separator" value="&#10;"/>
    <property name="java.vm.specification.vendor" value="Oracle Corporation"/>
    <property name="java.specification.name" value="Java Platform API Specification"/>
    <property name="apple.awt.application.name" value="ForkedBooter"/>
    <property name="surefire.real.class.path" value="/Users/nthatipamula/exp/java/jstl-challenge-api/target/surefire/surefirebooter9993967665107214524.jar"/>
    <property name="java.util.logging.config.file" value="/Users/nthatipamula/exp/java/jstl-challenge-api/target/classes/logging.properties"/>
    <property name="sun.management.compiler" value="HotSpot 64-Bit Tiered Compilers"/>
    <property name="ftp.nonProxyHosts" value="local|*.local|169.254/16|*.169.254/16"/>
    <property name="java.runtime.version" value="18.0.1+0"/>
    <property name="user.name" value="nthatipamula"/>
    <property name="path.separator" value=":"/>
    <property name="os.version" value="10.15.3"/>
    <property name="java.runtime.name" value="OpenJDK Runtime Environment"/>
    <property name="file.encoding" value="UTF-8"/>
    <property name="java.vm.name" value="OpenJDK 64-Bit Server VM"/>
    <property name="java.vendor.version" value="Homebrew"/>
    <property name="localRepository" value="/Users/nthatipamula/.m2/repository"/>
    <property name="java.vendor.url.bug" value="https://github.com/Homebrew/homebrew-core/issues"/>
    <property name="java.io.tmpdir" value="/var/folders/b3/s268q3s534n7h7w5ztnkrc4xcg48s2/T/"/>
    <property name="java.version" value="18.0.1"/>
    <property name="user.dir" value="/Users/nthatipamula/exp/java/jstl-challenge-api"/>
    <property name="os.arch" value="x86_64"/>
    <property name="java.vm.specification.name" value="Java Virtual Machine Specification"/>
    <property name="native.encoding" value="UTF-8"/>
    <property name="java.library.path" value="/Users/nthatipamula/Library/Java/Extensions:/Library/Java/Extensions:/Network/Library/Java/Extensions:/System/Library/Java/Extensions:/usr/lib/java:."/>
    <property name="java.vm.info" value="mixed mode, sharing"/>
    <property name="java.vendor" value="Homebrew"/>
    <property name="java.vm.version" value="18.0.1+0"/>
    <property name="sun.io.unicode.encoding" value="UnicodeBig"/>
    <property name="socksNonProxyHosts" value="local|*.local|169.254/16|*.169.254/16"/>
    <property name="java.class.version" value="62.0"/>
  </properties>
  <testcase name="testTransform" classname="me.nthatipamula.jslt.MainTest" time="0.306">
    <system-out><![CDATA[2022.04.25 00:36:44 INFO io.helidon.common.LogConfig Thread[main,5,main]: Logging at initialization configured using /Users/nthatipamula/exp/java/jstl-challenge-api/target/classes/logging.properties
2022.04.25 00:36:45 INFO io.helidon.common.HelidonFeatures Thread[features-thread,5,main]: Helidon SE 2.5.0 features: [Config, Health, Metrics, Web Client, WebServer]
2022.04.25 00:36:45 INFO io.helidon.common.HelidonFeatures.experimental Thread[features-thread,5,main]: You are using experimental features. These APIs may change, please follow changelog!
2022.04.25 00:36:45 INFO io.helidon.common.HelidonFeatures.experimental Thread[features-thread,5,main]: 	Experimental feature: Web Client (WebClient)
2022.04.25 00:36:45 INFO io.helidon.webserver.NettyWebServer Thread[nioEventLoopGroup-2-1,10,main]: Channel '@default' started: [id: 0xa736545c, L:/[0:0:0:0:0:0:0:0]:8080]
WEB server is up! http://localhost:8080/transform
]]></system-out>
  </testcase>
</testsuite>